debug 2025/10/20 14:19:03 program was killed: program experienced a panic
debug 2025/10/20 15:18:13 Ryuk
debug 2025/10/20 15:18:20 ryukgod26
debug 2025/10/20 15:18:24 nick
debug 2025/10/20 15:18:30 irc.
debug 2025/10/20 15:18:32 f
debug 2025/10/20 15:18:33 f
debug 2025/10/20 15:18:34 f
debug 2025/10/20 15:18:34 j
debug 2025/10/20 15:18:35 h
debug 2025/10/20 15:18:36 h
debug 2025/10/20 15:18:36 h
debug 2025/10/20 15:18:37 hh
debug 2025/10/20 15:18:37 h
debug 2025/10/20 15:18:37 h
debug 2025/10/20 15:18:37 h
debug 2025/10/20 15:18:38 h
debug 2025/10/20 15:18:38 hh
debug 2025/10/20 15:18:38 h
debug 2025/10/20 15:18:38 h
debug 2025/10/20 15:22:04 Question: What is Your Name?,Answer: ryuk
debug 2025/10/20 15:22:09 Question: What is Your Username?,Answer: ryukgod16
debug 2025/10/20 15:22:15 Question: What is Your Nickname?,Answer: ryuk
debug 2025/10/20 15:22:22 Question: What is the Domain of the Server You Want to connect to?,Answer: irc.libera.net
debug 2025/10/20 15:22:27 Question: What is the Serevr Port?,Answer: 6667
debug 2025/10/20 15:22:39 Question: What is the Channnel name You wnat to enter?,Answer: testChannel
